2023-10-04 14:55:14,475 — INFO — ResponseFile to be processed: E:\Python\FileConverter_GWC\ResponseFile\COOKIE-231352_20231004145514.sql
2023-10-04 14:55:14,478 — INFO — File Processing starts ...
2023-10-04 14:55:14,479 — INFO — START TIME::: 2023-10-04 14:55:14.474673
2023-10-04 14:55:14,480 — INFO — E:\Python\FileConverter_GWC\INPUT\
2023-10-04 14:55:14,481 — INFO — ********************Cookie -Good will Sep'23 2.0.xlsx*****************************
2023-10-04 14:55:14,482 — INFO — INSIDE ReadingTheFileDF WITH FILE: Cookie -Good will Sep'23 2.0.xlsx
2023-10-04 14:55:14,549 — ERROR — ERROR IN BLOCK
Traceback (most recent call last):
  File "C:\Users\prasoon.parashar\AppData\Roaming\Python\Python311\site-packages\pandas\compat\_optional.py", line 141, in import_optional_dependency
    module = importlib.import_module(name)
             ^^^^^^^^^^^^^^^^^^^^^^^^^^^^^
  File "C:\Python311\Lib\importlib\__init__.py", line 126, in import_module
    return _bootstrap._gcd_import(name[level:], package, level)
           ^^^^^^^^^^^^^^^^^^^^^^^^^^^^^^^^^^^^^^^^^^^^^^^^^^^^
  File "<frozen importlib._bootstrap>", line 1204, in _gcd_import
  File "<frozen importlib._bootstrap>", line 1176, in _find_and_load
  File "<frozen importlib._bootstrap>", line 1140, in _find_and_load_unlocked
ModuleNotFoundError: No module named 'openpyxl'

During handling of the above exception, another exception occurred:

Traceback (most recent call last):
  File "E:\Python\FileConverter_GWC\FileConverter.py", line 284, in <module>
    ReadingTheFileDF(FileName)
  File "E:\Python\FileConverter_GWC\FileConverter.py", line 164, in ReadingTheFileDF
    DF = pd.read_excel(File, sheet_name=S1.SheetName, usecols=S1.Columns)
         ^^^^^^^^^^^^^^^^^^^^^^^^^^^^^^^^^^^^^^^^^^^^^^^^^^^^^^^^^^^^^^^^
  File "C:\Users\prasoon.parashar\AppData\Roaming\Python\Python311\site-packages\pandas\util\_decorators.py", line 211, in wrapper
    return func(*args, **kwargs)
           ^^^^^^^^^^^^^^^^^^^^^
  File "C:\Users\prasoon.parashar\AppData\Roaming\Python\Python311\site-packages\pandas\util\_decorators.py", line 331, in wrapper
    return func(*args, **kwargs)
           ^^^^^^^^^^^^^^^^^^^^^
  File "C:\Users\prasoon.parashar\AppData\Roaming\Python\Python311\site-packages\pandas\io\excel\_base.py", line 482, in read_excel
    io = ExcelFile(io, storage_options=storage_options, engine=engine)
         ^^^^^^^^^^^^^^^^^^^^^^^^^^^^^^^^^^^^^^^^^^^^^^^^^^^^^^^^^^^^^
  File "C:\Users\prasoon.parashar\AppData\Roaming\Python\Python311\site-packages\pandas\io\excel\_base.py", line 1695, in __init__
    self._reader = self._engines[engine](self._io, storage_options=storage_options)
                   ^^^^^^^^^^^^^^^^^^^^^^^^^^^^^^^^^^^^^^^^^^^^^^^^^^^^^^^^^^^^^^^^
  File "C:\Users\prasoon.parashar\AppData\Roaming\Python\Python311\site-packages\pandas\io\excel\_openpyxl.py", line 556, in __init__
    import_optional_dependency("openpyxl")
  File "C:\Users\prasoon.parashar\AppData\Roaming\Python\Python311\site-packages\pandas\compat\_optional.py", line 144, in import_optional_dependency
    raise ImportError(msg)
ImportError: Missing optional dependency 'openpyxl'.  Use pip or conda to install openpyxl.
2023-10-04 14:55:14,683 — INFO — *********************** FINISHED ***********************
